Arguments: 
  /usr/local/Cellar/node/8.7.0/bin/node /usr/local/Cellar/yarn/1.2.1/libexec/bin/yarn.js add @type/axios -D

PATH: 
  /usr/local/bin:/usr/bin:/bin:/usr/sbin:/sbin:/usr/local/share/dotnet

Yarn version: 
  1.2.1

Node version: 
  8.7.0

Platform: 
  darwin x64

npm manifest: 
  {
  	"name": "brophy-api-core",
  	"version": "1.0.0",
  	"description": "A core api instance with business logic for all rest methods.",
  	"main": "index.js",
  	"scripts": {
  		"test": "echo \"Error: no test specified\" && exit 1"
  	},
  	"author": "Bryan Brophy brybrophy@gmail.com",
  	"license": "MIT",
  	"devDependencies": {
  		"typescript": "^2.5.3"
  	},
  	"dependencies": {
  		"axios": "^0.17.0"
  	}
  }

yarn manifest: 
  No manifest

Lockfile: 
  # THIS IS AN AUTOGENERATED FILE. DO NOT EDIT THIS FILE DIRECTLY.
  # yarn lockfile v1
  
  
  axios@^0.17.0:
    version "0.17.0"
    resolved "https://registry.yarnpkg.com/axios/-/axios-0.17.0.tgz#7da747916db803f761651d6091d708789b953c6a"
    dependencies:
      follow-redirects "^1.2.3"
      is-buffer "^1.1.5"
  
  debug@^2.6.9:
    version "2.6.9"
    resolved "https://registry.yarnpkg.com/debug/-/debug-2.6.9.tgz#5d128515df134ff327e90a4c93f4e077a536341f"
    dependencies:
      ms "2.0.0"
  
  follow-redirects@^1.2.3:
    version "1.2.5"
    resolved "https://registry.yarnpkg.com/follow-redirects/-/follow-redirects-1.2.5.tgz#ffd3e14cbdd5eaa72f61b6368c1f68516c2a26cc"
    dependencies:
      debug "^2.6.9"
  
  is-buffer@^1.1.5:
    version "1.1.5"
    resolved "https://registry.yarnpkg.com/is-buffer/-/is-buffer-1.1.5.tgz#1f3b26ef613b214b88cbca23cc6c01d87961eecc"
  
  ms@2.0.0:
    version "2.0.0"
    resolved "https://registry.yarnpkg.com/ms/-/ms-2.0.0.tgz#5608aeadfc00be6c2901df5f9861788de0d597c8"
  
  typescript@^2.5.3:
    version "2.5.3"
    resolved "https://registry.yarnpkg.com/typescript/-/typescript-2.5.3.tgz#df3dcdc38f3beb800d4bc322646b04a3f6ca7f0d"

Trace: 
  Error: https://registry.yarnpkg.com/@type%2faxios: Not found
      at Request.params.callback [as _callback] (/usr/local/Cellar/yarn/1.2.1/libexec/lib/cli.js:62027:18)
      at Request.self.callback (/usr/local/Cellar/yarn/1.2.1/libexec/lib/cli.js:123011:22)
      at emitTwo (events.js:125:13)
      at Request.emit (events.js:213:7)
      at Request.<anonymous> (/usr/local/Cellar/yarn/1.2.1/libexec/lib/cli.js:123994:10)
      at emitOne (events.js:115:13)
      at Request.emit (events.js:210:7)
      at IncomingMessage.<anonymous> (/usr/local/Cellar/yarn/1.2.1/libexec/lib/cli.js:123914:12)
      at Object.onceWrapper (events.js:314:30)
      at emitNone (events.js:110:20)
